<?xml version="1.0" encoding="UTF-8"?>
<!-- Generated by org.testng.reporters.JUnitReportReporter -->
<testsuite hostname="Irshad" failures="0" tests="4" name="datadrivenfw.Login_id" time="50.082" errors="0" timestamp="2021-07-10T14:39:54 IST" skipped="0">
  <testcase classname="datadrivenfw.Login_id" name="loginWithbothCorrect" time="11.312"/>
  <system-out/>
  <testcase classname="datadrivenfw.Login_id" name="loginWithbothCorrect" time="15.319"/>
  <system-out/>
  <testcase classname="datadrivenfw.Login_id" name="loginWithbothCorrect" time="11.213"/>
  <system-out/>
  <testcase classname="datadrivenfw.Login_id" name="loginWithbothCorrect" time="12.238"/>
  <system-out/>
</testsuite> <!-- datadrivenfw.Login_id -->
