<?xml version="1.0" encoding="UTF-8"?>
<!-- Generated by org.testng.reporters.JUnitReportReporter -->
<testsuite hostname="Irshad" failures="0" tests="3" name="testng_learn.DependenciesManagement" time="0.029" errors="0" timestamp="2021-06-29T20:38:02 IST" skipped="0">
  <testcase classname="testng_learn.DependenciesManagement" name="matricschool" time="0.021"/>
  <system-out/>
  <testcase classname="testng_learn.DependenciesManagement" name="engineering" time="0.003"/>
  <system-out/>
  <testcase classname="testng_learn.DependenciesManagement" name="highersecondaryschool" time="0.005"/>
  <system-out/>
</testsuite> <!-- testng_learn.DependenciesManagement -->
