<?xml version="1.0" encoding="UTF-8"?>
<!-- Generated by org.testng.reporters.JUnitReportReporter -->
<testsuite hostname="Irshad" failures="0" tests="1" name="datadrivenfw.BothCorrect" time="14.328" errors="0" timestamp="2021-07-08T20:28:49 IST" skipped="0">
  <testcase classname="datadrivenfw.BothCorrect" name="loginWithbothCorrect" time="14.328"/>
  <system-out/>
</testsuite> <!-- datadrivenfw.BothCorrect -->
