<?xml version="1.0" encoding="UTF-8"?>
<!-- Generated by org.testng.reporters.JUnitReportReporter -->
<testsuite hostname="Irshad" failures="0" tests="2" name="testng_learn.Assertioneaxmple" time="0.066" errors="0" timestamp="2021-07-03T14:59:23 IST" skipped="0">
  <testcase classname="testng_learn.Assertioneaxmple" name="colourpainted" time="0.040"/>
  <system-out/>
  <testcase classname="testng_learn.Assertioneaxmple" name="colourpaintedverify" time="0.026"/>
  <system-out/>
</testsuite> <!-- testng_learn.Assertioneaxmple -->
