<?xml version="1.0" encoding="UTF-8"?>
<!-- Generated by org.testng.reporters.JUnitReportReporter -->
<testsuite hostname="Irshad" failures="0" tests="4" name="testng_learn.GroupingExample" time="0.042" errors="0" timestamp="2021-07-03T11:54:59 IST" skipped="0">
  <testcase classname="testng_learn.GroupingExample" name="moto1" time="0.026"/>
  <system-out/>
  <testcase classname="testng_learn.GroupingExample" name="vivo1" time="0.005"/>
  <system-out/>
  <testcase classname="testng_learn.GroupingExample" name="vivo2" time="0.004"/>
  <system-out/>
  <testcase classname="testng_learn.GroupingExample" name="moto2" time="0.007"/>
  <system-out/>
</testsuite> <!-- testng_learn.GroupingExample -->
