<?xml version="1.0" encoding="UTF-8"?>
<!-- Generated by org.testng.reporters.JUnitReportReporter -->
<testsuite hostname="Irshad" failures="0" tests="1" name="datadrivenfw.BothIncorrect" time="11.689" errors="0" timestamp="2021-07-08T20:28:49 IST" skipped="0">
  <testcase classname="datadrivenfw.BothIncorrect" name="loginWithbothinCorrect" time="11.689"/>
  <system-out/>
</testsuite> <!-- datadrivenfw.BothIncorrect -->
