<?xml version="1.0" encoding="UTF-8"?>
<!-- Generated by org.testng.reporters.JUnitReportReporter -->
<testsuite hostname="Irshad" failures="0" tests="2" name="testng_learn.ParallelTesting" time="60.390" errors="0" timestamp="2021-07-03T12:55:40 IST" skipped="0">
  <testcase classname="testng_learn.ParallelTesting" name="opengoogle" time="29.985"/>
  <system-out/>
  <testcase classname="testng_learn.ParallelTesting" name="openbing" time="30.405"/>
  <system-out/>
</testsuite> <!-- testng_learn.ParallelTesting -->
