<?xml version="1.0" encoding="UTF-8"?>
<!-- Generated by org.testng.reporters.JUnitReportReporter -->
<testsuite hostname="Irshad" failures="0" tests="1" name="testng_learn.ParameterExample" time="0.032" errors="0" timestamp="2021-07-02T21:20:13 IST" skipped="0">
  <testcase classname="testng_learn.ParameterExample" name="printname" time="0.032"/>
  <system-out/>
</testsuite> <!-- testng_learn.ParameterExample -->
