<?xml version="1.0" encoding="UTF-8"?>
<!-- Generated by org.testng.reporters.JUnitReportReporter -->
<testsuite hostname="Irshad" failures="0" tests="6" name="testng_learn.SkipaTestCase" time="0.025" errors="0" timestamp="2021-06-29T20:38:02 IST" skipped="1">
  <testcase classname="testng_learn.SkipaTestCase" name="startacar" time="0.003"/>
  <system-out/>
  <testcase classname="testng_learn.SkipaTestCase" name="putfirstgear" time="0.009"/>
  <system-out/>
  <testcase classname="testng_learn.SkipaTestCase" name="putsecondgear" time="0.008"/>
  <system-out/>
  <testcase classname="testng_learn.SkipaTestCase" name="putthirdgear" time="0.003"/>
  <system-out/>
  <testcase classname="testng_learn.SkipaTestCase" name="putfourthgear" time="0.002"/>
  <system-out/>
  <testcase classname="testng_learn.SkipaTestCase" name="putmusic">
    <skipped/>
  </testcase> <!-- putmusic -->
  <system-out/>
</testsuite> <!-- testng_learn.SkipaTestCase -->
