<?xml version="1.0" encoding="UTF-8"?>
<!-- Generated by org.testng.reporters.JUnitReportReporter -->
<testsuite hostname="Irshad" failures="0" tests="3" name="testng_learn.SuiteExample" time="26.465" errors="0" timestamp="2021-06-29T20:38:02 IST" skipped="0">
  <testcase classname="testng_learn.SuiteExample" name="opengoogle" time="3.213"/>
  <system-out/>
  <testcase classname="testng_learn.SuiteExample" name="openyahoo" time="21.512"/>
  <system-out/>
  <testcase classname="testng_learn.SuiteExample" name="openbing" time="1.740"/>
  <system-out/>
</testsuite> <!-- testng_learn.SuiteExample -->
