<?xml version="1.0" encoding="UTF-8"?>
<!-- Generated by org.testng.reporters.JUnitReportReporter -->
<testsuite hostname="Irshad" failures="0" tests="5" name="testng_learn.DriveCar" time="0.076" errors="0" timestamp="2021-07-03T11:58:49 IST" skipped="0">
  <testcase classname="testng_learn.DriveCar" name="startacar" time="0.039"/>
  <system-out/>
  <testcase classname="testng_learn.DriveCar" name="putfirstgear" time="0.010"/>
  <system-out/>
  <testcase classname="testng_learn.DriveCar" name="putsecondgear" time="0.013"/>
  <system-out/>
  <testcase classname="testng_learn.DriveCar" name="putthirdgear" time="0.007"/>
  <system-out/>
  <testcase classname="testng_learn.DriveCar" name="putfourthgear" time="0.007"/>
  <system-out/>
</testsuite> <!-- testng_learn.DriveCar -->
